<?xml version="1.0" encoding="UTF-8"?>
<!-- Generated by org.testng.reporters.JUnitReportReporter -->
<testsuite hostname="DESKTOP-IDVLP9L" failures="0" tests="1" name="TestCases.TC06_Contact_Us_Form" time="4.135" errors="0" timestamp="2024-08-04T21:19:00 IST" skipped="0">
  <testcase classname="TestCases.TC06_Contact_Us_Form" name="check_ContactUs" time="4.135"/>
</testsuite> <!-- TestCases.TC06_Contact_Us_Form -->
