<?xml version="1.0" encoding="UTF-8"?>
<!-- Generated by org.testng.reporters.JUnitReportReporter -->
<testsuite hostname="DESKTOP-IDVLP9L" failures="0" tests="1" name="TestCases.TC01_RegisterUser" time="19.622" errors="0" timestamp="2024-08-21T15:38:22 IST" skipped="0">
  <testcase classname="TestCases.TC01_RegisterUser" name="Register_Account" time="19.622"/>
</testsuite> <!-- TestCases.TC01_RegisterUser -->
