<?xml version="1.0" encoding="UTF-8"?>
<!-- Generated by org.testng.reporters.JUnitReportReporter -->
<testsuite hostname="DESKTOP-IDVLP9L" failures="0" tests="1" name="TestCases.TC03_Login_Failed" time="3.696" errors="0" timestamp="2024-07-29T20:05:59 IST" skipped="0">
  <testcase classname="TestCases.TC03_Login_Failed" name="Login_Failed" time="3.696"/>
</testsuite> <!-- TestCases.TC03_Login_Failed -->
