<?xml version="1.0" encoding="UTF-8"?>
<!-- Generated by org.testng.reporters.JUnitReportReporter -->
<testsuite hostname="DESKTOP-IDVLP9L" failures="0" tests="1" name="TestCases.TC_01_Register_User" time="21.237" errors="0" timestamp="2024-07-20T09:57:23 IST" skipped="0">
  <testcase classname="TestCases.TC_01_Register_User" name="Register_Account" time="21.237"/>
</testsuite> <!-- TestCases.TC_01_Register_User -->
