<?xml version="1.0" encoding="UTF-8"?>
<!-- Generated by org.testng.reporters.JUnitReportReporter -->
<testsuite hostname="DESKTOP-IDVLP9L" failures="0" tests="1" name="TestCases.TC05_RegisterUserWithExitingEmail" time="3.366" errors="0" timestamp="2024-08-21T15:39:40 IST" skipped="0">
  <testcase classname="TestCases.TC05_RegisterUserWithExitingEmail" name="chechWithExitingEmail" time="3.366"/>
</testsuite> <!-- TestCases.TC05_RegisterUserWithExitingEmail -->
