<?xml version="1.0" encoding="UTF-8"?>
<!-- Generated by org.testng.reporters.JUnitReportReporter -->
<testsuite hostname="DESKTOP-IDVLP9L" failures="0" tests="1" name="TestCases.TC04_LogOutUser" time="3.769" errors="0" timestamp="2024-08-21T14:47:24 IST" skipped="0">
  <testcase classname="TestCases.TC04_LogOutUser" name="Logout" time="3.769"/>
</testsuite> <!-- TestCases.TC04_LogOutUser -->
